# JRE version: OpenJDK Runtime Environment (17.0.2+8) (build 17.0.2+8-86)
# Java VM: OpenJDK 64-Bit Server VM (17.0.2+8-86, mixed mode, emulated-client, sharing, tiered, compressed oops, compressed class ptrs, g1 gc, windows-amd64)
GC Precious Log:
 CPUs: 16 total, 16 available
 Memory: 16000M
 Large Page Support: Disabled
 NUMA Support: Disabled
 Compressed Oops: Enabled (Zero based)
 Heap Region Size: 2M
 Heap Min Capacity: 8M
 Heap Initial Capacity: 252M
 Heap Max Capacity: 4002M
 Pre-touch: Disabled
 Parallel Workers: 13
 Concurrent Workers: 3
 Concurrent Refinement Workers: 13
 Periodic GC: Disabled
Heap:
 garbage-first heap   total 75776K, used 31380K [0x0000000705e00000, 0x0000000800000000)
  region size 2048K, 9 young (18432K), 3 survivors (6144K)
 Metaspace       used 37335K, committed 37952K, reserved 1081344K
  class space    used 5140K, committed 5440K, reserved 1048576K
GC Heap History (20 events):
Event: 0.391 GC heap before
{Heap before GC invocations=0 (full 0):
 garbage-first heap   total 258048K, used 22528K [0x0000000705e00000, 0x0000000800000000)
  region size 2048K, 11 young (22528K), 0 survivors (0K)
 Metaspace       used 7302K, committed 7488K, reserved 1056768K
  class space    used 934K, committed 1024K, reserved 1048576K
}
Event: 0.394 GC heap after
{Heap after GC invocations=1 (full 0):
 garbage-first heap   total 258048K, used 5257K [0x0000000705e00000, 0x0000000800000000)
  region size 2048K, 2 young (4096K), 2 survivors (4096K)
 Metaspace       used 7302K, committed 7488K, reserved 1056768K
  class space    used 934K, committed 1024K, reserved 1048576K
}
Event: 0.601 GC heap before
{Heap before GC invocations=1 (full 0):
 garbage-first heap   total 258048K, used 31881K [0x0000000705e00000, 0x0000000800000000)
  region size 2048K, 15 young (30720K), 2 survivors (4096K)
 Metaspace       used 13122K, committed 13504K, reserved 1064960K
  class space    used 1791K, committed 1984K, reserved 1048576K
}
Event: 0.604 GC heap after
{Heap after GC invocations=2 (full 0):
 garbage-first heap   total 258048K, used 7369K [0x0000000705e00000, 0x0000000800000000)
  region size 2048K, 1 young (2048K), 1 survivors (2048K)
 Metaspace       used 13122K, committed 13504K, reserved 1064960K
  class space    used 1791K, committed 1984K, reserved 1048576K
}
Event: 0.949 GC heap before
{Heap before GC invocations=2 (full 0):
 garbage-first heap   total 258048K, used 62665K [0x0000000705e00000, 0x0000000800000000)
  region size 2048K, 29 young (59392K), 1 survivors (2048K)
 Metaspace       used 21188K, committed 21504K, reserved 1073152K
  class space    used 2882K, committed 3008K, reserved 1048576K
}
Event: 0.953 GC heap after
{Heap after GC invocations=3 (full 0):
 garbage-first heap   total 258048K, used 11659K [0x0000000705e00000, 0x0000000800000000)
  region size 2048K, 4 young (8192K), 4 survivors (8192K)
 Metaspace       used 21188K, committed 21504K, reserved 1073152K
  class space    used 2882K, committed 3008K, reserved 1048576K
}
Event: 1.161 GC heap before
{Heap before GC invocations=4 (full 0):
 garbage-first heap   total 55296K, used 40331K [0x0000000705e00000, 0x0000000800000000)
  region size 2048K, 19 young (38912K), 4 survivors (8192K)
 Metaspace       used 25585K, committed 25984K, reserved 1073152K
  class space    used 3534K, committed 3712K, reserved 1048576K
}
Event: 1.165 GC heap after
{Heap after GC invocations=5 (full 0):
 garbage-first heap   total 55296K, used 14013K [0x0000000705e00000, 0x0000000800000000)
  region size 2048K, 5 young (10240K), 5 survivors (10240K)
 Metaspace       used 25585K, committed 25984K, reserved 1073152K
  class space    used 3534K, committed 3712K, reserved 1048576K
}
Event: 1.188 GC heap before
{Heap before GC invocations=5 (full 0):
 garbage-first heap   total 55296K, used 16061K [0x0000000705e00000, 0x0000000800000000)
  region size 2048K, 6 young (12288K), 5 survivors (10240K)
 Metaspace       used 26030K, committed 26496K, reserved 1073152K
  class space    used 3577K, committed 3776K, reserved 1048576K
}
Event: 1.192 GC heap after
{Heap after GC invocations=6 (full 0):
 garbage-first heap   total 55296K, used 15046K [0x0000000705e00000, 0x0000000800000000)
  region size 2048K, 1 young (2048K), 1 survivors (2048K)
 Metaspace       used 26030K, committed 26496K, reserved 1073152K
  class space    used 3577K, committed 3776K, reserved 1048576K
}
Event: 1.399 GC heap before
{Heap before GC invocations=6 (full 0):
 garbage-first heap   total 55296K, used 37574K [0x0000000705e00000, 0x0000000800000000)
  region size 2048K, 12 young (24576K), 1 survivors (2048K)
 Metaspace       used 29516K, committed 30016K, reserved 1081344K
  class space    used 4050K, committed 4288K, reserved 1048576K
}
Event: 1.401 GC heap after
{Heap after GC invocations=7 (full 0):
 garbage-first heap   total 157696K, used 16303K [0x0000000705e00000, 0x0000000800000000)
  region size 2048K, 2 young (4096K), 2 survivors (4096K)
 Metaspace       used 29516K, committed 30016K, reserved 1081344K
  class space    used 4050K, committed 4288K, reserved 1048576K
}
Event: 1.580 GC heap before
{Heap before GC invocations=7 (full 0):
 garbage-first heap   total 157696K, used 104367K [0x0000000705e00000, 0x0000000800000000)
  region size 2048K, 46 young (94208K), 2 survivors (4096K)
 Metaspace       used 30644K, committed 31104K, reserved 1081344K
  class space    used 4181K, committed 4416K, reserved 1048576K
}
Event: 1.584 GC heap after
{Heap after GC invocations=8 (full 0):
 garbage-first heap   total 157696K, used 21993K [0x0000000705e00000, 0x0000000800000000)
  region size 2048K, 5 young (10240K), 5 survivors (10240K)
 Metaspace       used 30644K, committed 31104K, reserved 1081344K
  class space    used 4181K, committed 4416K, reserved 1048576K
}
Event: 1.792 GC heap before
{Heap before GC invocations=8 (full 0):
 garbage-first heap   total 157696K, used 103913K [0x0000000705e00000, 0x0000000800000000)
  region size 2048K, 46 young (94208K), 5 survivors (10240K)
 Metaspace       used 32267K, committed 32768K, reserved 1081344K
  class space    used 4411K, committed 4672K, reserved 1048576K
}
Event: 1.793 GC heap after
{Heap after GC invocations=9 (full 0):
 garbage-first heap   total 157696K, used 18125K [0x0000000705e00000, 0x0000000800000000)
  region size 2048K, 1 young (2048K), 1 survivors (2048K)
 Metaspace       used 32267K, committed 32768K, reserved 1081344K
  class space    used 4411K, committed 4672K, reserved 1048576K
}
Event: 6.093 GC heap before
{Heap before GC invocations=9 (full 0):
 garbage-first heap   total 157696K, used 32461K [0x0000000705e00000, 0x0000000800000000)
  region size 2048K, 10 young (20480K), 1 survivors (2048K)
 Metaspace       used 35586K, committed 36096K, reserved 1081344K
  class space    used 4874K, committed 5120K, reserved 1048576K
}
Event: 6.096 GC heap after
{Heap after GC invocations=10 (full 0):
 garbage-first heap   total 157696K, used 19090K [0x0000000705e00000, 0x0000000800000000)
  region size 2048K, 2 young (4096K), 2 survivors (4096K)
 Metaspace       used 35586K, committed 36096K, reserved 1081344K
  class space    used 4874K, committed 5120K, reserved 1048576K
}
Event: 9214.320 GC heap before
{Heap before GC invocations=11 (full 0):
 garbage-first heap   total 75776K, used 60050K [0x0000000705e00000, 0x0000000800000000)
  region size 2048K, 22 young (45056K), 2 survivors (4096K)
 Metaspace       used 37288K, committed 37888K, reserved 1081344K
  class space    used 5134K, committed 5440K, reserved 1048576K
}
Event: 9214.333 GC heap after
{Heap after GC invocations=12 (full 0):
 garbage-first heap   total 75776K, used 21140K [0x0000000705e00000, 0x0000000800000000)
  region size 2048K, 3 young (6144K), 3 survivors (6144K)
 Metaspace       used 37288K, committed 37888K, reserved 1081344K
  class space    used 5134K, committed 5440K, reserved 1048576K
}

